644059297
644143040
644904290
644543448
644405801
85424165
644064788
644618956
644317375
644694056
110964914
646124941
640361557
644238350
644408200
644866869
644349490
644568169
640735911
644525417
644392467
644775339
644906247
644503362
641635068
644211712
644165391
644812569
644512738
638158937
644455577
644863628
644253445
644884938
644688689
644468420
644917299
644642650
644569984
644800796
644904909
644521154
644363763
644875864
644411312
644735836
644749524
644489475
644503042
644295328
644466098
644349836
644766512
644334212
642012929
644377343
644026696
640042854
644270281
644646062
644819687
644219696
644643780
644589214
644491827
644831510
644834343
556570894
644128129
644546372
644340591
644643171
644313323
644565282
644227721
644568759
644463519
644786434
644373719
644487637
644132015
644434862
644467989
644580173
644473571
644707795
644438291
639691474
644440758
644890609
644773788
644728418
644447573
644086295
644705357
644644724
644131209
644731205
644868703
644423482
